
> dreamops-launcher@0.0.0 build C:\Users\brand\OneDrive\Documents\GitHub\dream-net\client
> vite build

[36mvite v7.2.2 [32mbuilding client environment for production...[36m[39m
transforming...
[32m✓[39m 3487 modules transformed.
rendering chunks...
computing gzip size...
[2mdist/[22m[32mindex.html                                 [39m[1m[2m    1.58 kB[22m[1m[22m[2m │ gzip:   0.68 kB[22m
[2mdist/[22m[35massets/vendor-react-BGquk1L2.css           [39m[1m[2m    4.82 kB[22m[1m[22m[2m │ gzip:   1.35 kB[22m
[2mdist/[22m[35massets/index-DHeyJklK.css                  [39m[1m[2m  152.67 kB[22m[1m[22m[2m │ gzip:  21.66 kB[22m
[2mdist/[22m[36massets/vendor-radix-BQCqNqg0.js            [39m[1m[2m    0.20 kB[22m[1m[22m[2m │ gzip:   0.16 kB[22m
[2mdist/[22m[36massets/DreamEvolutionDemo-COkKMQN6.js      [39m[1m[2m    0.76 kB[22m[1m[22m[2m │ gzip:   0.47 kB[22m
[2mdist/[22m[36massets/evolved-archive-DLKF3h_Y.js         [39m[1m[2m    4.45 kB[22m[1m[22m[2m │ gzip:   1.26 kB[22m
[2mdist/[22m[36massets/DreamTree-CrpDGY2s.js               [39m[1m[2m    6.70 kB[22m[1m[22m[2m │ gzip:   1.98 kB[22m
[2mdist/[22m[36massets/OmniDashboard-BNeHfmlj.js           [39m[1m[2m    8.84 kB[22m[1m[22m[2m │ gzip:   2.77 kB[22m
[2mdist/[22m[36massets/WalletProfileDashboard-CtXM6UuY.js  [39m[1m[2m    8.95 kB[22m[1m[22m[2m │ gzip:   2.16 kB[22m
[2mdist/[22m[36massets/GodView-CIYwYI9W.js                 [39m[1m[2m    9.96 kB[22m[1m[22m[2m │ gzip:   3.06 kB[22m
[2mdist/[22m[36massets/MultiPaneDash-BhlrJ0I8.js           [39m[1m[2m   13.11 kB[22m[1m[22m[2m │ gzip:   3.99 kB[22m
[2mdist/[22m[36massets/vendor-query-CmFOykSR.js            [39m[1m[2m   32.30 kB[22m[1m[22m[2m │ gzip:   9.44 kB[22m
[2mdist/[22m[36massets/vendor-solana-BYG4GU4b.js           [39m[1m[2m  198.27 kB[22m[1m[22m[2m │ gzip:  52.81 kB[22m
[2mdist/[22m[36massets/vendor-react-DOYfLH4G.js            [39m[1m[2m  428.99 kB[22m[1m[22m[2m │ gzip: 138.03 kB[22m
[2mdist/[22m[36massets/index-BxC0I4qW.js                   [39m[1m[33m  501.10 kB[39m[22m[2m │ gzip: 103.18 kB[22m
[2mdist/[22m[36massets/vendor-EoxogKzB.js                  [39m[1m[33m1,294.21 kB[39m[22m[2m │ gzip: 422.91 kB[22m
[33m
(!) Some chunks are larger than 500 kB after minification. Consider:
- Using dynamic import() to code-split the application
- Use build.rollupOptions.output.manualChunks to improve chunking: https://rollupjs.org/configuration-options/#output-manualchunks
- Adjust chunk size limit for this warning via build.chunkSizeWarningLimit.[39m
[32m✓ built in 9.73s[39m
