
> dreamops-launcher@0.0.0 build C:\Users\brand\OneDrive\Documents\GitHub\dream-net\client
> vite build

[36mvite v7.2.2 [32mbuilding client environment for production...[36m[39m
transforming...
[32mΓ£ô[39m 2509 modules transformed.
node.exe : [31mΓ£ù[39m Build failed in 5.84s
At C:\Users\brand\AppData\Roaming\npm\pnpm.ps1:24 char:5
+     & "node$exe"  
"$basedir/node_modules/pnpm/bin/pnpm.cjs" $args
+     ~~~~~~~~~~~~~~~~~~~~~~~~~~~~~~~~~~~~~~~~~~~~~~~~~~~~
~~~~~~~~~
    + CategoryInfo          : NotSpecified: ([31mΓ£ù[39 
   m Build failed in 5.84s:String) [], RemoteException
    + FullyQualifiedErrorId : NativeCommandError
 
[31merror during build:
[31m[commonjs--resolver] Missing "./sha2.js" specifier 
in "@noble/hashes" package[31m
    at e (file:///C:/Users/brand/OneDrive/Documents/GitHub
/dream-net/node_modules/.pnpm/vite@7.2.2_@types+node@24.1_
71e2e8121d381f48403201dd2b427164/node_modules/vite/dist/no
de/chunks/config.js:6866:8)
    at n (file:///C:/Users/brand/OneDrive/Documents/GitHub
/dream-net/node_modules/.pnpm/vite@7.2.2_@types+node@24.1_
71e2e8121d381f48403201dd2b427164/node_modules/vite/dist/no
de/chunks/config.js:6878:14)
    at o (file:///C:/Users/brand/OneDrive/Documents/GitHub
/dream-net/node_modules/.pnpm/vite@7.2.2_@types+node@24.1_
71e2e8121d381f48403201dd2b427164/node_modules/vite/dist/no
de/chunks/config.js:6906:10)
    at resolveExportsOrImports (file:///C:/Users/brand/One
Drive/Documents/GitHub/dream-net/node_modules/.pnpm/vite@7
.2.2_@types+node@24.1_71e2e8121d381f48403201dd2b427164/nod
e_modules/vite/dist/node/chunks/config.js:33446:45)
    at resolveDeepImport (file:///C:/Users/brand/OneDrive/
Documents/GitHub/dream-net/node_modules/.pnpm/vite@7.2.2_@
types+node@24.1_71e2e8121d381f48403201dd2b427164/node_modu
les/vite/dist/node/chunks/config.js:33460:22)
    at tryNodeResolve (file:///C:/Users/brand/OneDrive/Doc
uments/GitHub/dream-net/node_modules/.pnpm/vite@7.2.2_@typ
es+node@24.1_71e2e8121d381f48403201dd2b427164/node_modules
/vite/dist/node/chunks/config.js:33335:70)
    at Object.handler (file:///C:/Users/brand/OneDrive/Doc
uments/GitHub/dream-net/node_modules/.pnpm/vite@7.2.2_@typ
es+node@24.1_71e2e8121d381f48403201dd2b427164/node_modules
/vite/dist/node/chunks/config.js:33174:16)
    at Object.handler (file:///C:/Users/brand/OneDrive/Doc
uments/GitHub/dream-net/node_modules/.pnpm/vite@7.2.2_@typ
es+node@24.1_71e2e8121d381f48403201dd2b427164/node_modules
/vite/dist/node/chunks/config.js:34325:13)
    at file:///C:/Users/brand/OneDrive/Documents/GitHub/dr
eam-net/node_modules/.pnpm/rollup@4.53.2/node_modules/roll
up/dist/es/shared/node-entry.js:22437:40
    at async PluginDriver.hookFirstAndGetPlugin (file:///C
:/Users/brand/OneDrive/Documents/GitHub/dream-net/node_mod
ules/.pnpm/rollup@4.53.2/node_modules/rollup/dist/es/share
d/node-entry.js:22319:28)[39m
ΓÇëELIFECYCLEΓÇë Command failed with exit code 1.
