[1/1/2026, 3:55:38 AM] --- ⚔️ DREAMNET: SOVEREIGN SLEEPER MODE ACTIVATED ⚔️ ---
[1/1/2026, 3:55:38 AM] [Status] Scanning Solana, Polygon, and Base every 5 minutes.
[1/1/2026, 3:55:38 AM] [Policy] Full Strike Authorization: spreads > 1.0%.
[1/1/2026, 3:55:38 AM] [Target] Initializing Financial Team scan loops...
[1/1/2026, 3:55:38 AM] Searching for risk-free spreads...
[1/1/2026, 3:55:38 AM] Market efficient. No spreads found.
[1/1/2026, 3:55:38 AM] Mission continues. Sleeping for 300s...
[1/1/2026, 4:00:38 AM] Searching for risk-free spreads...
[1/1/2026, 4:00:39 AM] Market efficient. No spreads found.
[1/1/2026, 4:00:39 AM] Mission continues. Sleeping for 300s...
[1/1/2026, 4:05:39 AM] Searching for risk-free spreads...
[1/1/2026, 4:05:39 AM] Market efficient. No spreads found.
[1/1/2026, 4:05:39 AM] Mission continues. Sleeping for 300s...
[1/1/2026, 4:10:39 AM] Searching for risk-free spreads...
[1/1/2026, 4:10:40 AM] Market efficient. No spreads found.
[1/1/2026, 4:10:40 AM] Mission continues. Sleeping for 300s...
[1/1/2026, 4:15:40 AM] Searching for risk-free spreads...
[1/1/2026, 4:15:41 AM] Market efficient. No spreads found.
[1/1/2026, 4:15:41 AM] Mission continues. Sleeping for 300s...
[1/1/2026, 4:20:41 AM] Searching for risk-free spreads...
[1/1/2026, 4:20:41 AM] Market efficient. No spreads found.
[1/1/2026, 4:20:41 AM] Mission continues. Sleeping for 300s...
[1/1/2026, 4:25:41 AM] Searching for risk-free spreads...
[1/1/2026, 4:25:42 AM] Market efficient. No spreads found.
[1/1/2026, 4:25:42 AM] Mission continues. Sleeping for 300s...
[1/1/2026, 4:30:42 AM] Searching for risk-free spreads...
[1/1/2026, 4:30:42 AM] Market efficient. No spreads found.
[1/1/2026, 4:30:42 AM] Mission continues. Sleeping for 300s...
[1/1/2026, 4:35:42 AM] Searching for risk-free spreads...
[1/1/2026, 4:35:42 AM] Market efficient. No spreads found.
[1/1/2026, 4:35:42 AM] Mission continues. Sleeping for 300s...
[1/1/2026, 4:40:42 AM] Searching for risk-free spreads...
[1/1/2026, 4:40:43 AM] Market efficient. No spreads found.
[1/1/2026, 4:40:43 AM] Mission continues. Sleeping for 300s...
[1/1/2026, 4:45:43 AM] Searching for risk-free spreads...
[1/1/2026, 4:45:43 AM] Market efficient. No spreads found.
[1/1/2026, 4:45:43 AM] Mission continues. Sleeping for 300s...
[1/1/2026, 4:50:43 AM] Searching for risk-free spreads...
[1/1/2026, 4:50:44 AM] Market efficient. No spreads found.
[1/1/2026, 4:50:44 AM] Mission continues. Sleeping for 300s...
[1/1/2026, 4:55:44 AM] Searching for risk-free spreads...
[1/1/2026, 4:55:45 AM] Market efficient. No spreads found.
[1/1/2026, 4:55:45 AM] Mission continues. Sleeping for 300s...
[1/1/2026, 5:00:45 AM] Searching for risk-free spreads...
[1/1/2026, 5:00:45 AM] Market efficient. No spreads found.
[1/1/2026, 5:00:45 AM] Mission continues. Sleeping for 300s...
[1/1/2026, 5:05:45 AM] Searching for risk-free spreads...
[1/1/2026, 5:05:46 AM] Market efficient. No spreads found.
[1/1/2026, 5:05:46 AM] Mission continues. Sleeping for 300s...
[1/1/2026, 5:10:46 AM] Searching for risk-free spreads...
[1/1/2026, 5:10:46 AM] Market efficient. No spreads found.
[1/1/2026, 5:10:46 AM] Mission continues. Sleeping for 300s...
[1/1/2026, 5:15:46 AM] Searching for risk-free spreads...
[1/1/2026, 5:15:47 AM] Market efficient. No spreads found.
[1/1/2026, 5:15:47 AM] Mission continues. Sleeping for 300s...
[1/1/2026, 5:20:47 AM] Searching for risk-free spreads...
[1/1/2026, 5:20:47 AM] Market efficient. No spreads found.
[1/1/2026, 5:20:47 AM] Mission continues. Sleeping for 300s...
[1/1/2026, 5:25:47 AM] Searching for risk-free spreads...
[1/1/2026, 5:25:48 AM] Market efficient. No spreads found.
[1/1/2026, 5:25:48 AM] Mission continues. Sleeping for 300s...
[1/1/2026, 5:30:48 AM] Searching for risk-free spreads...
[1/1/2026, 5:30:48 AM] Market efficient. No spreads found.
[1/1/2026, 5:30:48 AM] Mission continues. Sleeping for 300s...
[1/1/2026, 5:35:48 AM] Searching for risk-free spreads...
[1/1/2026, 5:35:49 AM] Market efficient. No spreads found.
[1/1/2026, 5:35:49 AM] Mission continues. Sleeping for 300s...
[1/1/2026, 5:40:49 AM] Searching for risk-free spreads...
[1/1/2026, 5:40:49 AM] Market efficient. No spreads found.
[1/1/2026, 5:40:49 AM] Mission continues. Sleeping for 300s...
[1/1/2026, 5:45:49 AM] Searching for risk-free spreads...
[1/1/2026, 5:45:50 AM] Market efficient. No spreads found.
[1/1/2026, 5:45:50 AM] Mission continues. Sleeping for 300s...
[1/1/2026, 5:50:50 AM] Searching for risk-free spreads...
[1/1/2026, 5:50:50 AM] Market efficient. No spreads found.
[1/1/2026, 5:50:50 AM] Mission continues. Sleeping for 300s...
[1/1/2026, 5:55:50 AM] Searching for risk-free spreads...
[1/1/2026, 5:55:50 AM] Market efficient. No spreads found.
[1/1/2026, 5:55:50 AM] Mission continues. Sleeping for 300s...
[1/1/2026, 6:00:50 AM] Searching for risk-free spreads...
[1/1/2026, 6:00:51 AM] Market efficient. No spreads found.
[1/1/2026, 6:00:51 AM] Mission continues. Sleeping for 300s...
[1/1/2026, 6:05:51 AM] Searching for risk-free spreads...
[1/1/2026, 6:05:51 AM] Market efficient. No spreads found.
[1/1/2026, 6:05:51 AM] Mission continues. Sleeping for 300s...
[1/1/2026, 6:10:51 AM] Searching for risk-free spreads...
[1/1/2026, 6:10:52 AM] Market efficient. No spreads found.
[1/1/2026, 6:10:52 AM] Mission continues. Sleeping for 300s...
[1/1/2026, 6:15:52 AM] Searching for risk-free spreads...
[1/1/2026, 6:15:52 AM] Market efficient. No spreads found.
[1/1/2026, 6:15:52 AM] Mission continues. Sleeping for 300s...
[1/1/2026, 6:20:53 AM] Searching for risk-free spreads...
[1/1/2026, 6:20:53 AM] Market efficient. No spreads found.
[1/1/2026, 6:20:53 AM] Mission continues. Sleeping for 300s...
[1/1/2026, 6:25:53 AM] Searching for risk-free spreads...
[1/1/2026, 6:25:53 AM] Market efficient. No spreads found.
[1/1/2026, 6:25:53 AM] Mission continues. Sleeping for 300s...
[1/1/2026, 6:30:53 AM] Searching for risk-free spreads...
[1/1/2026, 6:30:54 AM] Market efficient. No spreads found.
[1/1/2026, 6:30:54 AM] Mission continues. Sleeping for 300s...
[1/1/2026, 6:35:54 AM] Searching for risk-free spreads...
[1/1/2026, 6:35:54 AM] Market efficient. No spreads found.
[1/1/2026, 6:35:54 AM] Mission continues. Sleeping for 300s...
[1/1/2026, 6:40:54 AM] Searching for risk-free spreads...
[1/1/2026, 6:40:55 AM] Market efficient. No spreads found.
[1/1/2026, 6:40:55 AM] Mission continues. Sleeping for 300s...
[1/1/2026, 6:45:55 AM] Searching for risk-free spreads...
[1/1/2026, 6:45:55 AM] Market efficient. No spreads found.
[1/1/2026, 6:45:55 AM] Mission continues. Sleeping for 300s...
[1/1/2026, 6:50:55 AM] Searching for risk-free spreads...
[1/1/2026, 6:50:56 AM] Market efficient. No spreads found.
[1/1/2026, 6:50:56 AM] Mission continues. Sleeping for 300s...
[1/1/2026, 6:55:56 AM] Searching for risk-free spreads...
[1/1/2026, 6:55:56 AM] Market efficient. No spreads found.
[1/1/2026, 6:55:56 AM] Mission continues. Sleeping for 300s...
[1/1/2026, 7:00:56 AM] Searching for risk-free spreads...
[1/1/2026, 7:00:57 AM] Market efficient. No spreads found.
[1/1/2026, 7:00:57 AM] Mission continues. Sleeping for 300s...
[1/1/2026, 11:32:10 AM] Searching for risk-free spreads...
[1/1/2026, 11:32:11 AM] Market efficient. No spreads found.
[1/1/2026, 11:32:11 AM] Mission continues. Sleeping for 300s...
[1/1/2026, 12:08:29 PM] Searching for risk-free spreads...
[1/1/2026, 12:08:30 PM] Market efficient. No spreads found.
[1/1/2026, 12:08:30 PM] Mission continues. Sleeping for 300s...
[1/1/2026, 12:13:30 PM] Searching for risk-free spreads...
[1/1/2026, 12:13:31 PM] Market efficient. No spreads found.
[1/1/2026, 12:13:31 PM] Mission continues. Sleeping for 300s...
[1/1/2026, 12:18:31 PM] Searching for risk-free spreads...
[1/1/2026, 12:18:32 PM] Market efficient. No spreads found.
[1/1/2026, 12:18:32 PM] Mission continues. Sleeping for 300s...
[1/1/2026, 12:23:32 PM] Searching for risk-free spreads...
[1/1/2026, 12:23:32 PM] Market efficient. No spreads found.
[1/1/2026, 12:23:32 PM] Mission continues. Sleeping for 300s...
[1/1/2026, 12:28:32 PM] Searching for risk-free spreads...
[1/1/2026, 12:28:33 PM] Market efficient. No spreads found.
[1/1/2026, 12:28:33 PM] Mission continues. Sleeping for 300s...
[1/1/2026, 12:33:33 PM] Searching for risk-free spreads...
[1/1/2026, 12:33:33 PM] Market efficient. No spreads found.
[1/1/2026, 12:33:33 PM] Mission continues. Sleeping for 300s...
[1/1/2026, 12:38:33 PM] Searching for risk-free spreads...
[1/1/2026, 12:38:34 PM] Market efficient. No spreads found.
[1/1/2026, 12:38:34 PM] Mission continues. Sleeping for 300s...
[1/1/2026, 12:43:34 PM] Searching for risk-free spreads...
[1/1/2026, 12:43:35 PM] Market efficient. No spreads found.
[1/1/2026, 12:43:35 PM] Mission continues. Sleeping for 300s...
[1/1/2026, 12:48:35 PM] Searching for risk-free spreads...
[1/1/2026, 12:48:35 PM] Market efficient. No spreads found.
[1/1/2026, 12:48:35 PM] Mission continues. Sleeping for 300s...
[1/1/2026, 12:53:35 PM] Searching for risk-free spreads...
[1/1/2026, 12:53:36 PM] Market efficient. No spreads found.
[1/1/2026, 12:53:36 PM] Mission continues. Sleeping for 300s...
[1/1/2026, 12:58:36 PM] Searching for risk-free spreads...
[1/1/2026, 12:58:37 PM] Market efficient. No spreads found.
[1/1/2026, 12:58:37 PM] Mission continues. Sleeping for 300s...
[1/1/2026, 1:03:37 PM] Searching for risk-free spreads...
[1/1/2026, 1:03:37 PM] Market efficient. No spreads found.
[1/1/2026, 1:03:37 PM] Mission continues. Sleeping for 300s...
[1/1/2026, 1:08:37 PM] Searching for risk-free spreads...
[1/1/2026, 1:08:38 PM] Market efficient. No spreads found.
[1/1/2026, 1:08:38 PM] Mission continues. Sleeping for 300s...
[1/1/2026, 1:13:38 PM] Searching for risk-free spreads...
[1/1/2026, 1:13:38 PM] Market efficient. No spreads found.
[1/1/2026, 1:13:38 PM] Mission continues. Sleeping for 300s...
[1/1/2026, 1:18:38 PM] Searching for risk-free spreads...
[1/1/2026, 1:18:39 PM] Market efficient. No spreads found.
[1/1/2026, 1:18:39 PM] Mission continues. Sleeping for 300s...
[1/1/2026, 1:23:39 PM] Searching for risk-free spreads...
[1/1/2026, 1:23:39 PM] Market efficient. No spreads found.
[1/1/2026, 1:23:39 PM] Mission continues. Sleeping for 300s...
[1/1/2026, 1:28:39 PM] Searching for risk-free spreads...
[1/1/2026, 1:28:40 PM] Market efficient. No spreads found.
[1/1/2026, 1:28:40 PM] Mission continues. Sleeping for 300s...
[1/1/2026, 1:33:40 PM] Searching for risk-free spreads...
[1/1/2026, 1:33:41 PM] Market efficient. No spreads found.
[1/1/2026, 1:33:41 PM] Mission continues. Sleeping for 300s...
[1/1/2026, 1:38:41 PM] Searching for risk-free spreads...
[1/1/2026, 1:38:41 PM] Market efficient. No spreads found.
[1/1/2026, 1:38:41 PM] Mission continues. Sleeping for 300s...
[1/1/2026, 1:43:41 PM] Searching for risk-free spreads...
[1/1/2026, 1:43:42 PM] Market efficient. No spreads found.
[1/1/2026, 1:43:42 PM] Mission continues. Sleeping for 300s...
[1/1/2026, 1:48:42 PM] Searching for risk-free spreads...
[1/1/2026, 1:48:42 PM] Market efficient. No spreads found.
[1/1/2026, 1:48:42 PM] Mission continues. Sleeping for 300s...
[1/1/2026, 1:53:42 PM] Searching for risk-free spreads...
[1/1/2026, 1:53:43 PM] Market efficient. No spreads found.
[1/1/2026, 1:53:43 PM] Mission continues. Sleeping for 300s...
[1/1/2026, 1:58:43 PM] Searching for risk-free spreads...
[1/1/2026, 1:58:44 PM] Market efficient. No spreads found.
[1/1/2026, 1:58:44 PM] Mission continues. Sleeping for 300s...
[1/1/2026, 2:03:44 PM] Searching for risk-free spreads...
[1/1/2026, 2:03:44 PM] Market efficient. No spreads found.
[1/1/2026, 2:03:44 PM] Mission continues. Sleeping for 300s...
[1/1/2026, 2:08:44 PM] Searching for risk-free spreads...
[1/1/2026, 2:08:45 PM] Market efficient. No spreads found.
[1/1/2026, 2:08:45 PM] Mission continues. Sleeping for 300s...
[1/1/2026, 2:13:45 PM] Searching for risk-free spreads...
[1/1/2026, 2:13:45 PM] Market efficient. No spreads found.
[1/1/2026, 2:13:45 PM] Mission continues. Sleeping for 300s...
[1/1/2026, 2:18:45 PM] Searching for risk-free spreads...
[1/1/2026, 2:18:46 PM] Market efficient. No spreads found.
[1/1/2026, 2:18:46 PM] Mission continues. Sleeping for 300s...
[1/1/2026, 2:23:46 PM] Searching for risk-free spreads...
[1/1/2026, 2:23:46 PM] Market efficient. No spreads found.
[1/1/2026, 2:23:46 PM] Mission continues. Sleeping for 300s...
[1/1/2026, 2:28:46 PM] Searching for risk-free spreads...
[1/1/2026, 2:28:47 PM] Market efficient. No spreads found.
[1/1/2026, 2:28:47 PM] Mission continues. Sleeping for 300s...
[1/1/2026, 2:33:47 PM] Searching for risk-free spreads...
[1/1/2026, 2:33:47 PM] Market efficient. No spreads found.
[1/1/2026, 2:33:47 PM] Mission continues. Sleeping for 300s...
[1/1/2026, 2:38:47 PM] Searching for risk-free spreads...
[1/1/2026, 2:38:48 PM] Market efficient. No spreads found.
[1/1/2026, 2:38:48 PM] Mission continues. Sleeping for 300s...
[1/1/2026, 2:43:48 PM] Searching for risk-free spreads...
[1/1/2026, 2:43:49 PM] Market efficient. No spreads found.
[1/1/2026, 2:43:49 PM] Mission continues. Sleeping for 300s...
[1/1/2026, 2:48:49 PM] Searching for risk-free spreads...
[1/1/2026, 2:48:49 PM] Market efficient. No spreads found.
[1/1/2026, 2:48:49 PM] Mission continues. Sleeping for 300s...
[1/1/2026, 3:26:23 PM] Searching for risk-free spreads...
[1/1/2026, 3:26:23 PM] Market efficient. No spreads found.
[1/1/2026, 3:26:23 PM] Mission continues. Sleeping for 300s...
[1/1/2026, 3:31:23 PM] Searching for risk-free spreads...
[1/1/2026, 3:31:23 PM] Market efficient. No spreads found.
[1/1/2026, 3:31:23 PM] Mission continues. Sleeping for 300s...
